<?xml version="1.0" encoding="UTF-8"?>
<!-- Generated by org.testng.reporters.JUnitReportReporter -->
<testsuite hostname="LTIN509268" failures="0" tests="1" name="testCases.TC003_DisplayStudyChairs" time="2.131" errors="0" timestamp="2024-11-09T15:06:33 IST" skipped="0">
  <testcase classname="testCases.TC003_DisplayStudyChairs" name="test_displayStudyChairs" time="2.131"/>
  <system-out/>
</testsuite> <!-- testCases.TC003_DisplayStudyChairs -->
