<?xml version="1.0" encoding="UTF-8"?>
<!-- Generated by org.testng.reporters.JUnitReportReporter -->
<testsuite hostname="LTIN509268" failures="0" tests="2" name="testCases.TC004_LoginPage" time="5.303" errors="0" timestamp="2024-11-09T15:06:33 IST" skipped="0">
  <testcase classname="testCases.TC004_LoginPage" name="test_LoginPage" time="4.484"/>
  <system-out/>
  <testcase classname="testCases.TC004_LoginPage" name="test_LoginPage" time="0.819"/>
  <system-out/>
</testsuite> <!-- testCases.TC004_LoginPage -->
