<?xml version="1.0" encoding="UTF-8"?>
<!-- Generated by org.testng.reporters.JUnitReportReporter -->
<testsuite hostname="LTIN509268" failures="0" tests="1" name="testCases.TC004_DisplayStudyChairs" time="2.186" errors="0" timestamp="2024-11-06T14:23:17 IST" skipped="0">
  <testcase classname="testCases.TC004_DisplayStudyChairs" name="test_displayStudyChairs" time="2.186"/>
  <system-out/>
</testsuite> <!-- testCases.TC004_DisplayStudyChairs -->
