<?xml version="1.0" encoding="UTF-8"?>
<!-- Generated by org.testng.reporters.JUnitReportReporter -->
<testsuite hostname="LTIN509268" failures="0" tests="1" name="testCases.TC003_DisplayStudyChairs" time="2.109" errors="0" timestamp="2024-11-07T12:38:22 IST" skipped="0">
  <testcase classname="testCases.TC003_DisplayStudyChairs" name="test_displayStudyChairs" time="2.109"/>
</testsuite> <!-- testCases.TC003_DisplayStudyChairs -->
