<?xml version="1.0" encoding="UTF-8"?>
<!-- Generated by org.testng.reporters.JUnitReportReporter -->
<testsuite hostname="LTIN509268" failures="0" tests="2" name="testCases.TC004_LoginPage" time="6.491" errors="0" timestamp="2024-11-08T10:10:38 IST" skipped="0">
  <testcase classname="testCases.TC004_LoginPage" name="test_customizeGiftCard" time="1.541"/>
  <testcase classname="testCases.TC004_LoginPage" name="test_customizeGiftCard" time="4.950"/>
</testsuite> <!-- testCases.TC004_LoginPage -->
