<?xml version="1.0" encoding="UTF-8"?>
<!-- Generated by org.testng.reporters.JUnitReportReporter -->
<testsuite hostname="LTIN509268" failures="0" tests="1" name="testCases.TC001_DisplayBookshelves" time="9.151" errors="0" timestamp="2024-11-07T12:38:22 IST" skipped="0">
  <testcase classname="testCases.TC001_DisplayBookshelves" name="test_displayBookShelves" time="9.151"/>
</testsuite> <!-- testCases.TC001_DisplayBookshelves -->
