<?xml version="1.0" encoding="UTF-8"?>
<!-- Generated by org.testng.reporters.JUnitReportReporter -->
<testsuite hostname="LTIN509268" failures="0" tests="1" name="testCases.TC002_BeingAtHome_SubMenuRetrieval" time="3.177" errors="0" timestamp="2024-11-07T12:38:22 IST" skipped="0">
  <testcase classname="testCases.TC002_BeingAtHome_SubMenuRetrieval" name="test_beingAtHome" time="3.177"/>
</testsuite> <!-- testCases.TC002_BeingAtHome_SubMenuRetrieval -->
